<?xml version="1.0" encoding="UTF-8"?>
<testsuite xmlns:xsi="http://www.w3.org/2001/XMLSchema-instance" xsi:schemaLocation="https://maven.apache.org/surefire/maven-surefire-plugin/xsd/surefire-test-report.xsd" name="edu.stanford.cs.crypto.efficientct.zether.ZetherProverTest" time="3.495" tests="2" errors="0" skipped="0" failures="0">
  <properties>
[...]
</properties>
  <testcase name="testSoundness" classname="edu.stanford.cs.crypto.efficientct.zether.ZetherProverTest" time="1.392"/>
  <testcase name="testCompletness" classname="edu.stanford.cs.crypto.efficientct.zether.ZetherProverTest" time="2.025"/>
</testsuite>